INFO - 2023-12-23 14:41:38 --> Session: Class initialized using 'CodeIgniter\Session\Handlers\FileHandler' driver.
INFO - 2023-12-23 14:41:38 --> Session: Class initialized using 'CodeIgniter\Session\Handlers\FileHandler' driver.
INFO - 2023-12-23 14:41:50 --> Session: Class initialized using 'CodeIgniter\Session\Handlers\FileHandler' driver.
ERROR - 2023-12-23 14:41:54 --> Error connecting to the database: mysqli_sql_exception: No connection could be made because the target machine actively refused it.
 in H:\xampp\htdocs\Ektu-khani-tech-admin\system\Database\MySQLi\Connection.php:185
Stack trace:
#0 H:\xampp\htdocs\Ektu-khani-tech-admin\system\Database\MySQLi\Connection.php(185): mysqli->real_connect('localhost', 'root', '', 'ekt_db', 3306, '', 0)
#1 H:\xampp\htdocs\Ektu-khani-tech-admin\system\Database\BaseConnection.php(392): CodeIgniter\Database\MySQLi\Connection->connect(false)
#2 H:\xampp\htdocs\Ektu-khani-tech-admin\system\Database\BaseConnection.php(575): CodeIgniter\Database\BaseConnection->initialize()
#3 H:\xampp\htdocs\Ektu-khani-tech-admin\system\Database\BaseBuilder.php(1615): CodeIgniter\Database\BaseConnection->query('SELECT *\nFROM `...', Array, false)
#4 H:\xampp\htdocs\Ektu-khani-tech-admin\system\Model.php(264): CodeIgniter\Database\BaseBuilder->get()
#5 H:\xampp\htdocs\Ektu-khani-tech-admin\system\BaseModel.php(662): CodeIgniter\Model->doFirst()
#6 H:\xampp\htdocs\Ektu-khani-tech-admin\app\Controllers\LoginController.php(28): CodeIgniter\BaseModel->first()
#7 H:\xampp\htdocs\Ektu-khani-tech-admin\system\CodeIgniter.php(942): App\Controllers\LoginController->login()
#8 H:\xampp\htdocs\Ektu-khani-tech-admin\system\CodeIgniter.php(502): CodeIgniter\CodeIgniter->runController(Object(App\Controllers\LoginController))
#9 H:\xampp\htdocs\Ektu-khani-tech-admin\system\CodeIgniter.php(361): CodeIgniter\CodeIgniter->handleRequest(NULL, Object(Config\Cache), false)
#10 H:\xampp\htdocs\Ektu-khani-tech-admin\public\index.php(79): CodeIgniter\CodeIgniter->run()
#11 H:\xampp\htdocs\Ektu-khani-tech-admin\system\Commands\Server\rewrite.php(47): require_once('H:\\xampp\\htdocs...')
#12 {main}

Next CodeIgniter\Database\Exceptions\DatabaseException: No connection could be made because the target machine actively refused it.
 in H:\xampp\htdocs\Ektu-khani-tech-admin\system\Database\MySQLi\Connection.php:229
Stack trace:
#0 H:\xampp\htdocs\Ektu-khani-tech-admin\system\Database\BaseConnection.php(392): CodeIgniter\Database\MySQLi\Connection->connect(false)
#1 H:\xampp\htdocs\Ektu-khani-tech-admin\system\Database\BaseConnection.php(575): CodeIgniter\Database\BaseConnection->initialize()
#2 H:\xampp\htdocs\Ektu-khani-tech-admin\system\Database\BaseBuilder.php(1615): CodeIgniter\Database\BaseConnection->query('SELECT *\nFROM `...', Array, false)
#3 H:\xampp\htdocs\Ektu-khani-tech-admin\system\Model.php(264): CodeIgniter\Database\BaseBuilder->get()
#4 H:\xampp\htdocs\Ektu-khani-tech-admin\system\BaseModel.php(662): CodeIgniter\Model->doFirst()
#5 H:\xampp\htdocs\Ektu-khani-tech-admin\app\Controllers\LoginController.php(28): CodeIgniter\BaseModel->first()
#6 H:\xampp\htdocs\Ektu-khani-tech-admin\system\CodeIgniter.php(942): App\Controllers\LoginController->login()
#7 H:\xampp\htdocs\Ektu-khani-tech-admin\system\CodeIgniter.php(502): CodeIgniter\CodeIgniter->runController(Object(App\Controllers\LoginController))
#8 H:\xampp\htdocs\Ektu-khani-tech-admin\system\CodeIgniter.php(361): CodeIgniter\CodeIgniter->handleRequest(NULL, Object(Config\Cache), false)
#9 H:\xampp\htdocs\Ektu-khani-tech-admin\public\index.php(79): CodeIgniter\CodeIgniter->run()
#10 H:\xampp\htdocs\Ektu-khani-tech-admin\system\Commands\Server\rewrite.php(47): require_once('H:\\xampp\\htdocs...')
#11 {main}
CRITICAL - 2023-12-23 14:41:54 --> Unable to connect to the database.
Main connection [MySQLi]: No connection could be made because the target machine actively refused it.

in SYSTEMPATH\Database\BaseConnection.php on line 428.
 1 SYSTEMPATH\Database\BaseConnection.php(575): CodeIgniter\Database\BaseConnection->initialize()
 2 SYSTEMPATH\Database\BaseBuilder.php(1615): CodeIgniter\Database\BaseConnection->query('SELECT *
FROM `users`
WHERE `email` = :email:
 LIMIT 1', [...], false)
 3 SYSTEMPATH\Model.php(264): CodeIgniter\Database\BaseBuilder->get()
 4 SYSTEMPATH\BaseModel.php(662): CodeIgniter\Model->doFirst()
 5 APPPATH\Controllers\LoginController.php(28): CodeIgniter\BaseModel->first()
 6 SYSTEMPATH\CodeIgniter.php(942): App\Controllers\LoginController->login()
 7 SYSTEMPATH\CodeIgniter.php(502): CodeIgniter\CodeIgniter->runController(Object(App\Controllers\LoginController))
 8 SYSTEMPATH\CodeIgniter.php(361): CodeIgniter\CodeIgniter->handleRequest(null, Object(Config\Cache), false)
 9 FCPATH\index.php(79): CodeIgniter\CodeIgniter->run()
10 SYSTEMPATH\Commands\Server\rewrite.php(47): require_once('H:\\xampp\\htdocs\\Ektu-khani-tech-admin\\public\\index.php')
INFO - 2023-12-23 14:48:26 --> Session: Class initialized using 'CodeIgniter\Session\Handlers\FileHandler' driver.
INFO - 2023-12-23 14:48:26 --> Session: Class initialized using 'CodeIgniter\Session\Handlers\FileHandler' driver.
INFO - 2023-12-23 17:55:14 --> Session: Class initialized using 'CodeIgniter\Session\Handlers\FileHandler' driver.
INFO - 2023-12-23 17:55:14 --> Session: Class initialized using 'CodeIgniter\Session\Handlers\FileHandler' driver.
